Load "d:\\Hardware\\STM32\\STM32F1xx_Demo\\LED_flash2\\User\\Objects\\LED_water.axf" 
Set JLink Project File to "d:\Hardware\STM32\STM32F1xx_Demo\LED_flash2\User\JLinkSettings.ini"* JLink Info: Device "STM32F103C8" selected.

JLink info:
------------
DLL: V7.82d, compiled Nov 23 2022 16:03:45
Firmware: J-Link V9 compiled May  7 2021 16:26:12
Hardware: V9.70
S/N : 59768861 
Feature(s) : RDI, GDB, FlashDL, FlashBP, JFlash 

* JLink Info: InitTarget() start
* JLink Info: InitTarget() end
* JLink Info: Found SW-DP with ID 0x1BA01477
* JLink Info: DPIDR: 0x1BA01477
* JLink Info: CoreSight SoC-400 or earlier
* JLink Info: Scanning AP map to find all available APs
* JLink Info: AP[1]: Stopped AP scan as end of AP map has been reached
* JLink Info: AP[0]: AHB-AP (IDR: 0x14770011)
* JLink Info: Iterating through AP map to find AHB-AP to use
* JLink Info: AP[0]: Core found
* JLink Info: AP[0]: AHB-AP ROM base: 0xE00FF000
* JLink Info: CPUID register: 0x411FC231. Implementer code: 0x41 (ARM)
* JLink Info: Found Cortex-M3 r1p1, Little endian.
* JLink Info: FPUnit: 6 code (BP) slots and 2 literal slots
* JLink Info: CoreSight components:
* JLink Info: ROMTbl[0] @ E00FF000
* JLink Info: [0][0]: E000E000 CID B105E00D PID 001BB000 SCS
* JLink Info: [0][1]: E0001000 CID B105E00D PID 001BB002 DWT
* JLink Info: [0][2]: E0002000 CID B105E00D PID 000BB003 FPB
* JLink Info: [0][3]: E0000000 CID B105E00D PID 001BB001 ITM
* JLink Info: [0][4]: E0040000 CID B105900D PID 001BB923 TPIU-Lite
ROMTableAddr = 0xE00FF000
* JLink Info: Reset: Halt core after reset via DEMCR.VC_CORERESET.
* JLink Info: Reset: Reset device via AIRCR.SYSRESETREQ.
* JLink Info: Reset: CPU may have not been reset (DHCSR.S_RESET_ST never gets set).
* JLink Info: Reset: Using fallback: Reset pin.
* JLink Info: Reset: Halt core after reset via DEMCR.VC_CORERESET.
* JLink Info: Reset: Reset device via reset pin

Target info:
------------
Device: STM32F103C8
VTarget = 2.895V
State of Pins: TCK: 0, TDI: 0, TDO: 0, TMS: 1, TRES: 1, TRST: 0
Hardware-Breakpoints: 6
Software-Breakpoints: 8192
Watchpoints:          4
JTAG speed: 6000 kHz

Full Chip Erase Done.Programming Done.Contents mismatch at: 08000000H  (Flash=FFH  Required=60H) !Contents mismatch at: 08000001H  (Flash=FFH  Required=06H) !Contents mismatch at: 08000002H  (Flash=FFH  Required=00H) !Contents mismatch at: 08000003H  (Flash=FFH  Required=20H) !Contents mismatch at: 08000004H  (Flash=FFH  Required=6DH) !Contents mismatch at: 08000005H  (Flash=FFH  Required=01H) !Contents mismatch at: 08000006H  (Flash=FFH  Required=00H) !Contents mismatch at: 08000007H  (Flash=FFH  Required=08H) !Contents mismatch at: 08000008H  (Flash=FFH  Required=5DH) !Contents mismatch at: 08000009H  (Flash=FFH  Required=03H) !Contents mismatch at: 0800000AH  (Flash=FFH  Required=00H) !Contents mismatch at: 0800000BH  (Flash=FFH  Required=08H) !Contents mismatch at: 0800000CH  (Flash=FFH  Required=55H) !Contents mismatch at: 0800000DH  (Flash=FFH  Required=03H) !Contents mismatch at: 0800000EH  (Flash=FFH  Required=00H) !Contents mismatch at: 0800000FH  (Flash=FFH  Required=08H) !Contents mismatch at: 08000010H  (Flash=FFH  Required=59H) !Contents mismatch at: 08000011H  (Flash=FFH  Required=03H) !Contents mismatch at: 08000012H  (Flash=FFH  Required=00H) !Contents mismatch at: 08000013H  (Flash=FFH  Required=08H) !Contents mismatch at: 08000014H  (Flash=FFH  Required=27H) !Contents mismatch at: 08000015H  (Flash=FFH  Required=02H) !Contents mismatch at: 08000016H  (Flash=FFH  Required=00H) !Contents mismatch at: 08000017H  (Flash=FFH  Required=08H) !Contents mismatch at: 08000018H  (Flash=FFH  Required=D1H) !Contents mismatch at: 08000019H  (Flash=FFH  Required=04H) !Contents mismatch at: 0800001AH  (Flash=FFH  Required=00H) !Contents mismatch at: 0800001BH  (Flash=FFH  Required=08H) !Contents mismatch at: 0800001CH  (Flash=FFH  Required=00H) !Contents mismatch at: 0800001DH  (Flash=FFH  Required=00H) !Contents mismatch at: 0800001EH  (Flash=FFH  Required=00H) !Contents mismatch at: 0800001FH  (Flash=FFH  Required=00H) !Contents mismatch at: 08000020H  (Flash=FFH  Required=00H) !Contents mismatch at: 08000021H  (Flash=FFH  Required=00H) !Contents mismatch at: 08000022H  (Flash=FFH  Required=00H) !Contents mismatch at: 08000023H  (Flash=FFH  Required=00H) !Contents mismatch at: 08000024H  (Flash=FFH  Required=00H) !Contents mismatch at: 08000025H  (Flash=FFH  Required=00H) !Contents mismatch at: 08000026H  (Flash=FFH  Required=00H) !Contents mismatch at: 08000027H  (Flash=FFH  Required=00H) !Contents mismatch at: 08000028H  (Flash=FFH  Required=00H) !Contents mismatch at: 08000029H  (Flash=FFH  Required=00H) !Contents mismatch at: 0800002AH  (Flash=FFH  Required=00H) !Contents mismatch at: 0800002BH  (Flash=FFH  Required=00H) !Contents mismatch at: 0800002CH  (Flash=FFH  Required=81H) !Contents mismatch at: 0800002DH  (Flash=FFH  Required=03H) !Contents mismatch at: 0800002EH  (Flash=FFH  Required=00H) !Contents mismatch at: 0800002FH  (Flash=FFH  Required=08H) !Contents mismatch at: 08000030H  (Flash=FFH  Required=2BH) !Contents mismatch at: 08000031H  (Flash=FFH  Required=02H) !Contents mismatch at: 08000032H  (Flash=FFH  Required=00H) !Contents mismatch at: 08000033H  (Flash=FFH  Required=08H) !Contents mismatch at: 08000034H  (Flash=FFH  Required=00H) !Contents mismatch at: 08000035H  (Flash=FFH  Required=00H) !Contents mismatch at: 08000036H  (Flash=FFH  Required=00H) !Contents mismatch at: 08000037H  (Flash=FFH  Required=00H) !Contents mismatch at: 08000038H  (Flash=FFH  Required=5FH) !Contents mismatch at: 08000039H  (Flash=FFH  Required=03H) !Contents mismatch at: 0800003AH  (Flash=FFH  Required=00H) !Contents mismatch at: 0800003BH  (Flash=FFH  Required=08H) !Contents mismatch at: 0800003CH  (Flash=FFH  Required=6DH) !Contents mismatch at: 0800003DH  (Flash=FFH  Required=04H) !Contents mismatch at: 0800003EH  (Flash=FFH  Required=00H) !Contents mismatch at: 0800003FH  (Flash=FFH  Required=08H) !Contents mismatch at: 08000040H  (Flash=FFH  Required=87H) !Contents mismatch at: 08000041H  (Flash=FFH  Required=01H) !Contents mismatch at: 08000042H  (Flash=FFH  Required=00H) !Contents mismatch at: 08000043H  (Flash=FFH  Required=08H) !Contents mismatch at: 08000044H  (Flash=FFH  Required=87H) !Contents mismatch at: 08000045H  (Flash=FFH  Required=01H) !Contents mismatch at: 08000046H  (Flash=FFH  Required=00H) !Contents mismatch at: 08000047H  (Flash=FFH  Required=08H) !Contents mismatch at: 08000048H  (Flash=FFH  Required=87H) !Contents mismatch at: 08000049H  (Flash=FFH  Required=01H) !Contents mismatch at: 0800004AH  (Flash=FFH  Required=00H) !Contents mismatch at: 0800004BH  (Flash=FFH  Required=08H) !Contents mismatch at: 0800004CH  (Flash=FFH  Required=87H) !Contents mismatch at: 0800004DH  (Flash=FFH  Required=01H) !Contents mismatch at: 0800004EH  (Flash=FFH  Required=00H) !Contents mismatch at: 0800004FH  (Flash=FFH  Required=08H) !Contents mismatch at: 08000050H  (Flash=FFH  Required=87H) !Contents mismatch at: 08000051H  (Flash=FFH  Required=01H) !Contents mismatch at: 08000052H  (Flash=FFH  Required=00H) !Contents mismatch at: 08000053H  (Flash=FFH  Required=08H) !Contents mismatch at: 08000054H  (Flash=FFH  Required=87H) !Contents mismatch at: 08000055H  (Flash=FFH  Required=01H) !Contents mismatch at: 08000056H  (Flash=FFH  Required=00H) !Contents mismatch at: 08000057H  (Flash=FFH  Required=08H) !Contents mismatch at: 08000058H  (Flash=FFH  Required=87H) !Contents mismatch at: 08000059H  (Flash=FFH  Required=01H) !Contents mismatch at: 0800005AH  (Flash=FFH  Required=00H) !Contents mismatch at: 0800005BH  (Flash=FFH  Required=08H) !Contents mismatch at: 0800005CH  (Flash=FFH  Required=87H) !Contents mismatch at: 0800005DH  (Flash=FFH  Required=01H) !Contents mismatch at: 0800005EH  (Flash=FFH  Required=00H) !Contents mismatch at: 0800005FH  (Flash=FFH  Required=08H) !Contents mismatch at: 08000060H  (Flash=FFH  Required=87H) !Contents mismatch at: 08000061H  (Flash=FFH  Required=01H) !Contents mismatch at: 08000062H  (Flash=FFH  Required=00H) !Contents mismatch at: 08000063H  (Flash=FFH  Required=08H) !Too many errors to display !Error: Flash Download failed  -  "Cortex-M3"
* JLink Info: OnDisconnectTarget() start
* JLink Info: OnDisconnectTarget() end
Flash Load finished at 22:34:48
